c:\users\nguyen phong\documents\visual studio 2015\projects\matrix-dotnet-sdk\matrixsdk\olmlib\debug\vc140.pdb
c:\users\nguyen phong\documents\visual studio 2015\projects\matrix-dotnet-sdk\matrixsdk\olmlib\debug\vc140.idb
c:\users\nguyen phong\documents\visual studio 2015\projects\matrix-dotnet-sdk\matrixsdk\olmlib\debug\md5.obj
c:\users\nguyen phong\documents\visual studio 2015\projects\matrix-dotnet-sdk\matrixsdk\olmlib\debug\rot-13.obj
c:\users\nguyen phong\documents\visual studio 2015\projects\matrix-dotnet-sdk\matrixsdk\olmlib\debug\sha1.obj
c:\users\nguyen phong\documents\visual studio 2015\projects\matrix-dotnet-sdk\matrixsdk\olmlib\debug\sha256.obj
c:\users\nguyen phong\documents\visual studio 2015\projects\matrix-dotnet-sdk\matrixsdk\olmlib\debug\curve25519-donna.obj
c:\users\nguyen phong\documents\visual studio 2015\projects\matrix-dotnet-sdk\matrixsdk\olmlib\debug\add_scalar.obj
c:\users\nguyen phong\documents\visual studio 2015\projects\matrix-dotnet-sdk\matrixsdk\olmlib\debug\fe.obj
c:\users\nguyen phong\documents\visual studio 2015\projects\matrix-dotnet-sdk\matrixsdk\olmlib\debug\ge.obj
c:\users\nguyen phong\documents\visual studio 2015\projects\matrix-dotnet-sdk\matrixsdk\olmlib\debug\keypair.obj
c:\users\nguyen phong\documents\visual studio 2015\projects\matrix-dotnet-sdk\matrixsdk\olmlib\debug\key_exchange.obj
c:\users\nguyen phong\documents\visual studio 2015\projects\matrix-dotnet-sdk\matrixsdk\olmlib\debug\sc.obj
c:\users\nguyen phong\documents\visual studio 2015\projects\matrix-dotnet-sdk\matrixsdk\olmlib\debug\seed.obj
c:\users\nguyen phong\documents\visual studio 2015\projects\matrix-dotnet-sdk\matrixsdk\olmlib\debug\sha512.obj
c:\users\nguyen phong\documents\visual studio 2015\projects\matrix-dotnet-sdk\matrixsdk\olmlib\debug\sign.obj
c:\users\nguyen phong\documents\visual studio 2015\projects\matrix-dotnet-sdk\matrixsdk\olmlib\debug\verify.obj
c:\users\nguyen phong\documents\visual studio 2015\projects\matrix-dotnet-sdk\matrixsdk\olmlib\debug\error.obj
c:\users\nguyen phong\documents\visual studio 2015\projects\matrix-dotnet-sdk\matrixsdk\olmlib\debug\inbound_group_session.obj
c:\users\nguyen phong\documents\visual studio 2015\projects\matrix-dotnet-sdk\matrixsdk\olmlib\debug\megolm.obj
c:\users\nguyen phong\documents\visual studio 2015\projects\matrix-dotnet-sdk\matrixsdk\olmlib\debug\pickle_encoding.obj
c:\users\nguyen phong\documents\visual studio 2015\projects\matrix-dotnet-sdk\matrixsdk\olmlib\debug\aes.obj
c:\users\nguyen phong\documents\visual studio 2015\projects\matrix-dotnet-sdk\matrixsdk\olmlib\debug\arcfour.obj
c:\users\nguyen phong\documents\visual studio 2015\projects\matrix-dotnet-sdk\matrixsdk\olmlib\debug\base64.obj
c:\users\nguyen phong\documents\visual studio 2015\projects\matrix-dotnet-sdk\matrixsdk\olmlib\debug\blowfish.obj
c:\users\nguyen phong\documents\visual studio 2015\projects\matrix-dotnet-sdk\matrixsdk\olmlib\debug\des.obj
c:\users\nguyen phong\documents\visual studio 2015\projects\matrix-dotnet-sdk\matrixsdk\olmlib\debug\md2.obj
c:\users\nguyen phong\documents\visual studio 2015\projects\matrix-dotnet-sdk\matrixsdk\olmlib\debug\olmlib.tlog\cl.command.1.tlog
c:\users\nguyen phong\documents\visual studio 2015\projects\matrix-dotnet-sdk\matrixsdk\olmlib\debug\olmlib.tlog\cl.read.1.tlog
c:\users\nguyen phong\documents\visual studio 2015\projects\matrix-dotnet-sdk\matrixsdk\olmlib\debug\olmlib.tlog\cl.write.1.tlog
